build/app/intermediates/manifest_merge_blame_file/debug/manifest-merger-blame-debug-report.txt
1<?xml version="1.0" encoding="utf-8"?>
2<manifest xmlns:android="http://schemas.android.com/apk/res/android"
3    package="com.example.our_project_1"
4    android:versionCode="1"
5    android:versionName="1.0.0" >
6
7    <uses-sdk
8        android:minSdkVersion="19"
9        android:targetSdkVersion="33" />
10    <!--
11         The INTERNET permission is required for development. Specifically,
12         the Flutter tool needs it to communicate with the running application
13         to allow setting breakpoints, to provide hot reload, etc.
14    -->
15    <uses-permission android:name="android.permission.INTERNET" />
15-->src\main\AndroidManifest.xml:5:5-67
15-->src\main\AndroidManifest.xml:5:22-64
16    <uses-permission android:name="android.permission.ACCESS_WIFI_STATE" />
16-->src\main\AndroidManifest.xml:3:5-76
16-->src\main\AndroidManifest.xml:3:22-73
17    <uses-permission android:name="android.permission.RECORD_AUDIO" />
17-->src\main\AndroidManifest.xml:4:5-71
17-->src\main\AndroidManifest.xml:4:22-68
18    <uses-permission android:name="android.permission.ACCESS_NETWORK_STATE" />
18-->src\main\AndroidManifest.xml:6:5-79
18-->src\main\AndroidManifest.xml:6:22-76
19    <uses-permission android:name="android.permission.CAMERA" />
19-->src\main\AndroidManifest.xml:7:5-65
19-->src\main\AndroidManifest.xml:7:22-62
20    <uses-permission android:name="android.permission.BLUETOOTH" />
20-->src\main\AndroidManifest.xml:8:5-68
20-->src\main\AndroidManifest.xml:8:22-65
21    <uses-permission android:name="android.permission.MODIFY_AUDIO_SETTINGS" />
21-->src\main\AndroidManifest.xml:9:5-80
21-->src\main\AndroidManifest.xml:9:22-77
22    <uses-permission android:name="android.permission.WRITE_EXTERNAL_STORAGE" />
22-->src\main\AndroidManifest.xml:10:5-81
22-->src\main\AndroidManifest.xml:10:22-78
23    <uses-permission android:name="android.permission.READ_PHONE_STATE" />
23-->src\main\AndroidManifest.xml:11:5-75
23-->src\main\AndroidManifest.xml:11:22-72
24    <uses-permission android:name="android.permission.WAKE_LOCK" />
24-->src\main\AndroidManifest.xml:12:5-68
24-->src\main\AndroidManifest.xml:12:22-65
25    <uses-permission
25-->[:file_picker] AndroidManifest.xml:9:5-11:38
26        android:name="android.permission.READ_EXTERNAL_STORAGE"
26-->[:file_picker] AndroidManifest.xml:10:9-64
27        android:maxSdkVersion="32" />
27-->[:file_picker] AndroidManifest.xml:11:9-35
28
29    <queries>
29-->[:file_picker] AndroidManifest.xml:13:5-19:15
30        <intent>
30-->[:file_picker] AndroidManifest.xml:14:9-18:18
31            <action android:name="android.intent.action.GET_CONTENT" />
31-->[:file_picker] AndroidManifest.xml:15:13-72
31-->[:file_picker] AndroidManifest.xml:15:21-69
32
33            <data android:mimeType="*/*" />
33-->[:file_picker] AndroidManifest.xml:17:13-44
33-->[:file_picker] AndroidManifest.xml:17:19-41
34        </intent>
35        <intent>
35-->[im.zego:zpns:2.6.0] AndroidManifest.xml:18:9-20:18
36            <action android:name="com.huawei.hms.core.aidlservice" />
36-->[im.zego:zpns:2.6.0] AndroidManifest.xml:19:13-70
36-->[im.zego:zpns:2.6.0] AndroidManifest.xml:19:21-67
37        </intent>
38    </queries>
39
40    <uses-permission android:name="android.permission.FOREGROUND_SERVICE" />
40-->[:zego_express_engine] AndroidManifest.xml:9:5-77
40-->[:zego_express_engine] AndroidManifest.xml:9:22-74
41    <uses-permission android:name="android.permission.POST_NOTIFICATIONS" /> <!-- Required by older versions of Google Play services to create IID tokens -->
41-->[com.google.firebase:firebase-messaging:23.3.1] AndroidManifest.xml:23:5-77
41-->[com.google.firebase:firebase-messaging:23.3.1] AndroidManifest.xml:23:22-74
42    <uses-permission android:name="com.google.android.c2dm.permission.RECEIVE" />
42-->[com.google.firebase:firebase-messaging:23.3.1] AndroidManifest.xml:26:5-82
42-->[com.google.firebase:firebase-messaging:23.3.1] AndroidManifest.xml:26:22-79
43    <uses-permission android:name="android.permission.RECEIVE_BOOT_COMPLETED" />
43-->[androidx.work:work-runtime:2.7.1] AndroidManifest.xml:27:5-81
43-->[androidx.work:work-runtime:2.7.1] AndroidManifest.xml:27:22-78
44
45    <permission
45-->[androidx.core:core:1.9.0] AndroidManifest.xml:22:5-24:47
46        android:name="com.example.our_project_1.DYNAMIC_RECEIVER_NOT_EXPORTED_PERMISSION"
46-->[androidx.core:core:1.9.0] AndroidManifest.xml:23:9-81
47        android:protectionLevel="signature" />
47-->[androidx.core:core:1.9.0] AndroidManifest.xml:24:9-44
48
49    <uses-permission android:name="com.example.our_project_1.DYNAMIC_RECEIVER_NOT_EXPORTED_PERMISSION" />
49-->[androidx.core:core:1.9.0] AndroidManifest.xml:26:5-97
49-->[androidx.core:core:1.9.0] AndroidManifest.xml:26:22-94
50    <uses-permission android:name="android.permission.GET_TASKS" />
50-->[im.zego:zpns:2.6.0] AndroidManifest.xml:14:5-68
50-->[im.zego:zpns:2.6.0] AndroidManifest.xml:14:22-65
51
52    <application
53        android:name="android.app.Application"
54        android:appComponentFactory="androidx.core.app.CoreComponentFactory"
54-->[androidx.core:core:1.9.0] AndroidManifest.xml:28:18-86
55        android:debuggable="true"
56        android:icon="@mipmap/ic_launcher"
57        android:label="our_project_1" >
58        <activity
59            android:name="com.example.our_project_1.MainActivity"
60            android:configChanges="orientation|keyboardHidden|keyboard|screenSize|smallestScreenSize|locale|layoutDirection|fontScale|screenLayout|density|uiMode"
61            android:exported="true"
62            android:hardwareAccelerated="true"
63            android:launchMode="singleTop"
64            android:theme="@style/LaunchTheme"
65            android:windowSoftInputMode="adjustResize" >
66
67            <!--
68                 Specifies an Android theme to apply to this Activity as soon as
69                 the Android process has started. This theme is visible to the user
70                 while the Flutter UI initializes. After that, this theme continues
71                 to determine the Window background behind the Flutter UI.
72            -->
73            <meta-data
74                android:name="io.flutter.embedding.android.NormalTheme"
75                android:resource="@style/NormalTheme" />
76
77            <intent-filter>
78                <action android:name="android.intent.action.MAIN" />
79
80                <category android:name="android.intent.category.LAUNCHER" />
81            </intent-filter>
82        </activity>
83        <!--
84             Don't delete the meta-data below.
85             This is used by the Flutter tool to generate GeneratedPluginRegistrant.java
86        -->
87        <meta-data
88            android:name="flutterEmbedding"
89            android:value="2" />
90
91        <service
91-->[:firebase_database] AndroidManifest.xml:10:9-14:19
92            android:name="com.google.firebase.components.ComponentDiscoveryService"
92-->[:firebase_database] AndroidManifest.xml:10:18-89
93            android:directBootAware="true"
93-->[com.google.firebase:firebase-common:20.4.2] AndroidManifest.xml:32:13-43
94            android:exported="false" >
94-->[com.google.firebase:firebase-auth:22.3.0] AndroidManifest.xml:68:13-37
95            <meta-data
95-->[:firebase_database] AndroidManifest.xml:11:13-13:85
96                android:name="com.google.firebase.components:io.flutter.plugins.firebase.database.FlutterFirebaseAppRegistrar"
96-->[:firebase_database] AndroidManifest.xml:12:17-127
97                android:value="com.google.firebase.components.ComponentRegistrar" />
97-->[:firebase_database] AndroidManifest.xml:13:17-82
98            <meta-data
98-->[:cloud_firestore] AndroidManifest.xml:11:13-13:85
99                android:name="com.google.firebase.components:io.flutter.plugins.firebase.firestore.FlutterFirebaseFirestoreRegistrar"
99-->[:cloud_firestore] AndroidManifest.xml:12:17-134
100                android:value="com.google.firebase.components.ComponentRegistrar" />
100-->[:cloud_firestore] AndroidManifest.xml:13:17-82
101            <meta-data
101-->[:firebase_auth] AndroidManifest.xml:11:13-13:85
102                android:name="com.google.firebase.components:io.flutter.plugins.firebase.auth.FlutterFirebaseAuthRegistrar"
102-->[:firebase_auth] AndroidManifest.xml:12:17-124
103                android:value="com.google.firebase.components.ComponentRegistrar" />
103-->[:firebase_auth] AndroidManifest.xml:13:17-82
104            <meta-data
104-->[:firebase_core] AndroidManifest.xml:11:13-13:85
105                android:name="com.google.firebase.components:io.flutter.plugins.firebase.core.FlutterFirebaseCoreRegistrar"
105-->[:firebase_core] AndroidManifest.xml:12:17-124
106                android:value="com.google.firebase.components.ComponentRegistrar" />
106-->[:firebase_core] AndroidManifest.xml:13:17-82
107            <meta-data
107-->[com.google.firebase:firebase-auth:22.3.0] AndroidManifest.xml:69:13-71:85
108                android:name="com.google.firebase.components:com.google.firebase.auth.FirebaseAuthRegistrar"
108-->[com.google.firebase:firebase-auth:22.3.0] AndroidManifest.xml:70:17-109
109                android:value="com.google.firebase.components.ComponentRegistrar" />
109-->[com.google.firebase:firebase-auth:22.3.0] AndroidManifest.xml:71:17-82
110            <meta-data
110-->[com.google.firebase:firebase-firestore:24.9.1] AndroidManifest.xml:17:13-19:85
111                android:name="com.google.firebase.components:com.google.firebase.firestore.FirebaseFirestoreKtxRegistrar"
111-->[com.google.firebase:firebase-firestore:24.9.1] AndroidManifest.xml:18:17-122
112                android:value="com.google.firebase.components.ComponentRegistrar" />
112-->[com.google.firebase:firebase-firestore:24.9.1] AndroidManifest.xml:19:17-82
113            <meta-data
113-->[com.google.firebase:firebase-firestore:24.9.1] AndroidManifest.xml:20:13-22:85
114                android:name="com.google.firebase.components:com.google.firebase.firestore.FirestoreRegistrar"
114-->[com.google.firebase:firebase-firestore:24.9.1] AndroidManifest.xml:21:17-111
115                android:value="com.google.firebase.components.ComponentRegistrar" />
115-->[com.google.firebase:firebase-firestore:24.9.1] AndroidManifest.xml:22:17-82
116            <meta-data
116-->[com.google.firebase:firebase-messaging:23.3.1] AndroidManifest.xml:57:13-59:85
117                android:name="com.google.firebase.components:com.google.firebase.messaging.FirebaseMessagingKtxRegistrar"
117-->[com.google.firebase:firebase-messaging:23.3.1] AndroidManifest.xml:58:17-122
118                android:value="com.google.firebase.components.ComponentRegistrar" />
118-->[com.google.firebase:firebase-messaging:23.3.1] AndroidManifest.xml:59:17-82
119            <meta-data
119-->[com.google.firebase:firebase-messaging:23.3.1] AndroidManifest.xml:60:13-62:85
120                android:name="com.google.firebase.components:com.google.firebase.messaging.FirebaseMessagingRegistrar"
120-->[com.google.firebase:firebase-messaging:23.3.1] AndroidManifest.xml:61:17-119
121                android:value="com.google.firebase.components.ComponentRegistrar" />
121-->[com.google.firebase:firebase-messaging:23.3.1] AndroidManifest.xml:62:17-82
122            <meta-data
122-->[com.google.firebase:firebase-database:20.3.0] AndroidManifest.xml:29:13-31:85
123                android:name="com.google.firebase.components:com.google.firebase.database.FirebaseDatabaseKtxRegistrar"
123-->[com.google.firebase:firebase-database:20.3.0] AndroidManifest.xml:30:17-120
124                android:value="com.google.firebase.components.ComponentRegistrar" />
124-->[com.google.firebase:firebase-database:20.3.0] AndroidManifest.xml:31:17-82
125            <meta-data
125-->[com.google.firebase:firebase-database:20.3.0] AndroidManifest.xml:32:13-34:85
126                android:name="com.google.firebase.components:com.google.firebase.database.DatabaseRegistrar"
126-->[com.google.firebase:firebase-database:20.3.0] AndroidManifest.xml:33:17-109
127                android:value="com.google.firebase.components.ComponentRegistrar" />
127-->[com.google.firebase:firebase-database:20.3.0] AndroidManifest.xml:34:17-82
128            <meta-data
128-->[com.google.firebase:firebase-installations:17.2.0] AndroidManifest.xml:15:13-17:85
129                android:name="com.google.firebase.components:com.google.firebase.installations.FirebaseInstallationsKtxRegistrar"
129-->[com.google.firebase:firebase-installations:17.2.0] AndroidManifest.xml:16:17-130
130                android:value="com.google.firebase.components.ComponentRegistrar" />
130-->[com.google.firebase:firebase-installations:17.2.0] AndroidManifest.xml:17:17-82
131            <meta-data
131-->[com.google.firebase:firebase-installations:17.2.0] AndroidManifest.xml:18:13-20:85
132                android:name="com.google.firebase.components:com.google.firebase.installations.FirebaseInstallationsRegistrar"
132-->[com.google.firebase:firebase-installations:17.2.0] AndroidManifest.xml:19:17-127
133                android:value="com.google.firebase.components.ComponentRegistrar" />
133-->[com.google.firebase:firebase-installations:17.2.0] AndroidManifest.xml:20:17-82
134            <meta-data
134-->[com.google.firebase:firebase-common-ktx:20.4.2] AndroidManifest.xml:12:13-14:85
135                android:name="com.google.firebase.components:com.google.firebase.ktx.FirebaseCommonLegacyRegistrar"
135-->[com.google.firebase:firebase-common-ktx:20.4.2] AndroidManifest.xml:13:17-116
136                android:value="com.google.firebase.components.ComponentRegistrar" />
136-->[com.google.firebase:firebase-common-ktx:20.4.2] AndroidManifest.xml:14:17-82
137            <meta-data
137-->[com.google.firebase:firebase-common:20.4.2] AndroidManifest.xml:35:13-37:85
138                android:name="com.google.firebase.components:com.google.firebase.FirebaseCommonKtxRegistrar"
138-->[com.google.firebase:firebase-common:20.4.2] AndroidManifest.xml:36:17-109
139                android:value="com.google.firebase.components.ComponentRegistrar" />
139-->[com.google.firebase:firebase-common:20.4.2] AndroidManifest.xml:37:17-82
140            <meta-data
140-->[com.google.firebase:firebase-datatransport:18.1.7] AndroidManifest.xml:27:13-29:85
141                android:name="com.google.firebase.components:com.google.firebase.datatransport.TransportRegistrar"
141-->[com.google.firebase:firebase-datatransport:18.1.7] AndroidManifest.xml:28:17-115
142                android:value="com.google.firebase.components.ComponentRegistrar" />
142-->[com.google.firebase:firebase-datatransport:18.1.7] AndroidManifest.xml:29:17-82
143        </service>
144        <service
144-->[:zego_zpns] AndroidManifest.xml:10:9-13:72
145            android:name="im.zego.zpns_flutter.internal.utils.ZPNsMessagingBackgroundService"
145-->[:zego_zpns] AndroidManifest.xml:11:13-94
146            android:exported="false"
146-->[:zego_zpns] AndroidManifest.xml:12:13-37
147            android:permission="android.permission.BIND_JOB_SERVICE" />
147-->[:zego_zpns] AndroidManifest.xml:13:13-69
148
149        <receiver
149-->[:zego_zpns] AndroidManifest.xml:15:9-22:20
150            android:name="im.zego.zpns_flutter.internal.ZPNsPluginEventHandler"
150-->[:zego_zpns] AndroidManifest.xml:16:13-80
151            android:enabled="true"
151-->[:zego_zpns] AndroidManifest.xml:17:13-35
152            android:exported="true" >
152-->[:zego_zpns] AndroidManifest.xml:18:13-36
153            <intent-filter>
153-->[:zego_zpns] AndroidManifest.xml:19:13-21:29
154                <action android:name="im.zego.zim.zpns.intent.action.MESSAGE" />
154-->[:zego_zpns] AndroidManifest.xml:20:17-81
154-->[:zego_zpns] AndroidManifest.xml:20:25-78
155            </intent-filter>
156        </receiver>
157        <receiver
157-->[:zego_zpns] AndroidManifest.xml:23:9-30:20
158            android:name="im.zego.zpns_flutter.internal.utils.ZPNsFCMReceiver"
158-->[:zego_zpns] AndroidManifest.xml:24:13-79
159            android:exported="true"
159-->[:zego_zpns] AndroidManifest.xml:25:13-36
160            android:permission="com.google.android.c2dm.permission.SEND" >
160-->[:zego_zpns] AndroidManifest.xml:26:13-73
161            <intent-filter>
161-->[:zego_zpns] AndroidManifest.xml:27:13-29:29
162                <action android:name="com.google.android.c2dm.intent.RECEIVE" />
162-->[:zego_zpns] AndroidManifest.xml:28:17-81
162-->[:zego_zpns] AndroidManifest.xml:28:25-78
163            </intent-filter>
164        </receiver>
165
166        <activity
166-->[:zego_express_engine] AndroidManifest.xml:12:9-17:64
167            android:name="im.zego.internal.screencapture.ZegoScreenCaptureManager$ZegoScreenCaptureAssistantActivity"
167-->[:zego_express_engine] AndroidManifest.xml:13:13-118
168            android:configChanges="screenSize|orientation"
168-->[:zego_express_engine] AndroidManifest.xml:14:13-59
169            android:exported="false"
169-->[:zego_express_engine] AndroidManifest.xml:15:13-37
170            android:screenOrientation="fullUser"
170-->[:zego_express_engine] AndroidManifest.xml:16:13-49
171            android:theme="@android:style/Theme.Translucent" />
171-->[:zego_express_engine] AndroidManifest.xml:17:13-61
172
173        <service
173-->[:zego_express_engine] AndroidManifest.xml:19:9-27:19
174            android:name="im.zego.internal.screencapture.ZegoScreenCaptureService"
174-->[:zego_express_engine] AndroidManifest.xml:20:13-83
175            android:enabled="true"
175-->[:zego_express_engine] AndroidManifest.xml:21:13-35
176            android:exported="false"
176-->[:zego_express_engine] AndroidManifest.xml:22:13-37
177            android:foregroundServiceType="mediaProjection" >
177-->[:zego_express_engine] AndroidManifest.xml:23:13-60
178            <intent-filter>
178-->[:zego_express_engine] AndroidManifest.xml:24:13-26:29
179                <action android:name="android.intent.action.screenshare" />
179-->[:zego_express_engine] AndroidManifest.xml:25:17-76
179-->[:zego_express_engine] AndroidManifest.xml:25:25-73
180            </intent-filter>
181        </service>
182
183        <activity
183-->[com.google.firebase:firebase-auth:22.3.0] AndroidManifest.xml:29:9-46:20
184            android:name="com.google.firebase.auth.internal.GenericIdpActivity"
184-->[com.google.firebase:firebase-auth:22.3.0] AndroidManifest.xml:30:13-80
185            android:excludeFromRecents="true"
185-->[com.google.firebase:firebase-auth:22.3.0] AndroidManifest.xml:31:13-46
186            android:exported="true"
186-->[com.google.firebase:firebase-auth:22.3.0] AndroidManifest.xml:32:13-36
187            android:launchMode="singleTask"
187-->[com.google.firebase:firebase-auth:22.3.0] AndroidManifest.xml:33:13-44
188            android:theme="@android:style/Theme.Translucent.NoTitleBar" >
188-->[com.google.firebase:firebase-auth:22.3.0] AndroidManifest.xml:34:13-72
189            <intent-filter>
189-->[com.google.firebase:firebase-auth:22.3.0] AndroidManifest.xml:35:13-45:29
190                <action android:name="android.intent.action.VIEW" />
190-->[com.google.firebase:firebase-auth:22.3.0] AndroidManifest.xml:36:17-69
190-->[com.google.firebase:firebase-auth:22.3.0] AndroidManifest.xml:36:25-66
191
192                <category android:name="android.intent.category.DEFAULT" />
192-->[com.google.firebase:firebase-auth:22.3.0] AndroidManifest.xml:38:17-76
192-->[com.google.firebase:firebase-auth:22.3.0] AndroidManifest.xml:38:27-73
193                <category android:name="android.intent.category.BROWSABLE" />
193-->[com.google.firebase:firebase-auth:22.3.0] AndroidManifest.xml:39:17-78
193-->[com.google.firebase:firebase-auth:22.3.0] AndroidManifest.xml:39:27-75
194
195                <data
195-->[:file_picker] AndroidManifest.xml:17:13-44
196                    android:host="firebase.auth"
197                    android:path="/"
198                    android:scheme="genericidp" />
199            </intent-filter>
200        </activity>
201        <activity
201-->[com.google.firebase:firebase-auth:22.3.0] AndroidManifest.xml:47:9-64:20
202            android:name="com.google.firebase.auth.internal.RecaptchaActivity"
202-->[com.google.firebase:firebase-auth:22.3.0] AndroidManifest.xml:48:13-79
203            android:excludeFromRecents="true"
203-->[com.google.firebase:firebase-auth:22.3.0] AndroidManifest.xml:49:13-46
204            android:exported="true"
204-->[com.google.firebase:firebase-auth:22.3.0] AndroidManifest.xml:50:13-36
205            android:launchMode="singleTask"
205-->[com.google.firebase:firebase-auth:22.3.0] AndroidManifest.xml:51:13-44
206            android:theme="@android:style/Theme.Translucent.NoTitleBar" >
206-->[com.google.firebase:firebase-auth:22.3.0] AndroidManifest.xml:52:13-72
207            <intent-filter>
207-->[com.google.firebase:firebase-auth:22.3.0] AndroidManifest.xml:53:13-63:29
208                <action android:name="android.intent.action.VIEW" />
208-->[com.google.firebase:firebase-auth:22.3.0] AndroidManifest.xml:36:17-69
208-->[com.google.firebase:firebase-auth:22.3.0] AndroidManifest.xml:36:25-66
209
210                <category android:name="android.intent.category.DEFAULT" />
210-->[com.google.firebase:firebase-auth:22.3.0] AndroidManifest.xml:38:17-76
210-->[com.google.firebase:firebase-auth:22.3.0] AndroidManifest.xml:38:27-73
211                <category android:name="android.intent.category.BROWSABLE" />
211-->[com.google.firebase:firebase-auth:22.3.0] AndroidManifest.xml:39:17-78
211-->[com.google.firebase:firebase-auth:22.3.0] AndroidManifest.xml:39:27-75
212
213                <data
213-->[:file_picker] AndroidManifest.xml:17:13-44
214                    android:host="firebase.auth"
215                    android:path="/"
216                    android:scheme="recaptcha" />
217            </intent-filter>
218        </activity>
219
220        <receiver
220-->[com.google.firebase:firebase-messaging:23.3.1] AndroidManifest.xml:29:9-40:20
221            android:name="com.google.firebase.iid.FirebaseInstanceIdReceiver"
221-->[com.google.firebase:firebase-messaging:23.3.1] AndroidManifest.xml:30:13-78
222            android:exported="true"
222-->[com.google.firebase:firebase-messaging:23.3.1] AndroidManifest.xml:31:13-36
223            android:permission="com.google.android.c2dm.permission.SEND" >
223-->[com.google.firebase:firebase-messaging:23.3.1] AndroidManifest.xml:32:13-73
224            <intent-filter>
224-->[:zego_zpns] AndroidManifest.xml:27:13-29:29
225                <action android:name="com.google.android.c2dm.intent.RECEIVE" />
225-->[:zego_zpns] AndroidManifest.xml:28:17-81
225-->[:zego_zpns] AndroidManifest.xml:28:25-78
226            </intent-filter>
227
228            <meta-data
228-->[com.google.firebase:firebase-messaging:23.3.1] AndroidManifest.xml:37:13-39:40
229                android:name="com.google.android.gms.cloudmessaging.FINISHED_AFTER_HANDLED"
229-->[com.google.firebase:firebase-messaging:23.3.1] AndroidManifest.xml:38:17-92
230                android:value="true" />
230-->[com.google.firebase:firebase-messaging:23.3.1] AndroidManifest.xml:39:17-37
231        </receiver>
232        <!--
233             FirebaseMessagingService performs security checks at runtime,
234             but set to not exported to explicitly avoid allowing another app to call it.
235        -->
236        <service
236-->[com.google.firebase:firebase-messaging:23.3.1] AndroidManifest.xml:46:9-53:19
237            android:name="com.google.firebase.messaging.FirebaseMessagingService"
237-->[com.google.firebase:firebase-messaging:23.3.1] AndroidManifest.xml:47:13-82
238            android:directBootAware="true"
238-->[com.google.firebase:firebase-messaging:23.3.1] AndroidManifest.xml:48:13-43
239            android:exported="false" >
239-->[com.google.firebase:firebase-messaging:23.3.1] AndroidManifest.xml:49:13-37
240            <intent-filter android:priority="-500" >
240-->[com.google.firebase:firebase-messaging:23.3.1] AndroidManifest.xml:50:13-52:29
240-->[com.google.firebase:firebase-messaging:23.3.1] AndroidManifest.xml:50:28-51
241                <action android:name="com.google.firebase.MESSAGING_EVENT" />
241-->[com.google.firebase:firebase-messaging:23.3.1] AndroidManifest.xml:51:17-78
241-->[com.google.firebase:firebase-messaging:23.3.1] AndroidManifest.xml:51:25-75
242            </intent-filter>
243        </service>
244
245        <provider
245-->[com.google.firebase:firebase-common:20.4.2] AndroidManifest.xml:23:9-28:39
246            android:name="com.google.firebase.provider.FirebaseInitProvider"
246-->[com.google.firebase:firebase-common:20.4.2] AndroidManifest.xml:24:13-77
247            android:authorities="com.example.our_project_1.firebaseinitprovider"
247-->[com.google.firebase:firebase-common:20.4.2] AndroidManifest.xml:25:13-72
248            android:directBootAware="true"
248-->[com.google.firebase:firebase-common:20.4.2] AndroidManifest.xml:26:13-43
249            android:exported="false"
249-->[com.google.firebase:firebase-common:20.4.2] AndroidManifest.xml:27:13-37
250            android:initOrder="100" /> <!-- Mqtt Service -->
250-->[com.google.firebase:firebase-common:20.4.2] AndroidManifest.xml:28:13-36
251        <service android:name="org.eclipse.paho.android.service.MqttService" />
251-->[com.github.umair13adil:RxLogs:1.0.20] AndroidManifest.xml:18:9-80
251-->[com.github.umair13adil:RxLogs:1.0.20] AndroidManifest.xml:18:18-77
252
253        <uses-library
253-->[androidx.window:window:1.0.0-beta04] AndroidManifest.xml:25:9-27:40
254            android:name="androidx.window.extensions"
254-->[androidx.window:window:1.0.0-beta04] AndroidManifest.xml:26:13-54
255            android:required="false" />
255-->[androidx.window:window:1.0.0-beta04] AndroidManifest.xml:27:13-37
256        <uses-library
256-->[androidx.window:window:1.0.0-beta04] AndroidManifest.xml:28:9-30:40
257            android:name="androidx.window.sidecar"
257-->[androidx.window:window:1.0.0-beta04] AndroidManifest.xml:29:13-51
258            android:required="false" />
258-->[androidx.window:window:1.0.0-beta04] AndroidManifest.xml:30:13-37
259
260        <activity
260-->[com.google.android.gms:play-services-base:18.1.0] AndroidManifest.xml:20:9-22:45
261            android:name="com.google.android.gms.common.api.GoogleApiActivity"
261-->[com.google.android.gms:play-services-base:18.1.0] AndroidManifest.xml:20:19-85
262            android:exported="false"
262-->[com.google.android.gms:play-services-base:18.1.0] AndroidManifest.xml:22:19-43
263            android:theme="@android:style/Theme.Translucent.NoTitleBar" />
263-->[com.google.android.gms:play-services-base:18.1.0] AndroidManifest.xml:21:19-78
264
265        <meta-data
265-->[com.google.android.gms:play-services-basement:18.1.0] AndroidManifest.xml:21:9-23:69
266            android:name="com.google.android.gms.version"
266-->[com.google.android.gms:play-services-basement:18.1.0] AndroidManifest.xml:22:13-58
267            android:value="@integer/google_play_services_version" />
267-->[com.google.android.gms:play-services-basement:18.1.0] AndroidManifest.xml:23:13-66
268
269        <provider
269-->[androidx.work:work-runtime:2.7.1] AndroidManifest.xml:31:9-39:20
270            android:name="androidx.startup.InitializationProvider"
270-->[androidx.work:work-runtime:2.7.1] AndroidManifest.xml:32:13-67
271            android:authorities="com.example.our_project_1.androidx-startup"
271-->[androidx.work:work-runtime:2.7.1] AndroidManifest.xml:33:13-68
272            android:exported="false" >
272-->[androidx.work:work-runtime:2.7.1] AndroidManifest.xml:34:13-37
273            <meta-data
273-->[androidx.work:work-runtime:2.7.1] AndroidManifest.xml:36:13-38:52
274                android:name="androidx.work.WorkManagerInitializer"
274-->[androidx.work:work-runtime:2.7.1] AndroidManifest.xml:37:17-68
275                android:value="androidx.startup" />
275-->[androidx.work:work-runtime:2.7.1] AndroidManifest.xml:38:17-49
276            <meta-data
276-->[androidx.emoji2:emoji2:1.2.0] AndroidManifest.xml:29:13-31:52
277                android:name="androidx.emoji2.text.EmojiCompatInitializer"
277-->[androidx.emoji2:emoji2:1.2.0] AndroidManifest.xml:30:17-75
278                android:value="androidx.startup" />
278-->[androidx.emoji2:emoji2:1.2.0] AndroidManifest.xml:31:17-49
279            <meta-data
279-->[androidx.lifecycle:lifecycle-process:2.4.1] AndroidManifest.xml:31:13-33:52
280                android:name="androidx.lifecycle.ProcessLifecycleInitializer"
280-->[androidx.lifecycle:lifecycle-process:2.4.1] AndroidManifest.xml:32:17-78
281                android:value="androidx.startup" />
281-->[androidx.lifecycle:lifecycle-process:2.4.1] AndroidManifest.xml:33:17-49
282        </provider>
283
284        <service
284-->[androidx.work:work-runtime:2.7.1] AndroidManifest.xml:41:9-46:35
285            android:name="androidx.work.impl.background.systemalarm.SystemAlarmService"
285-->[androidx.work:work-runtime:2.7.1] AndroidManifest.xml:42:13-88
286            android:directBootAware="false"
286-->[androidx.work:work-runtime:2.7.1] AndroidManifest.xml:43:13-44
287            android:enabled="@bool/enable_system_alarm_service_default"
287-->[androidx.work:work-runtime:2.7.1] AndroidManifest.xml:44:13-72
288            android:exported="false" />
288-->[androidx.work:work-runtime:2.7.1] AndroidManifest.xml:45:13-37
289        <service
289-->[androidx.work:work-runtime:2.7.1] AndroidManifest.xml:47:9-53:35
290            android:name="androidx.work.impl.background.systemjob.SystemJobService"
290-->[androidx.work:work-runtime:2.7.1] AndroidManifest.xml:48:13-84
291            android:directBootAware="false"
291-->[androidx.work:work-runtime:2.7.1] AndroidManifest.xml:49:13-44